# JRE version: OpenJDK Runtime Environment (21.0.4) (build 21.0.4+-12508038-b607.1)
# Java VM: OpenJDK 64-Bit Server VM (21.0.4+-12508038-b607.1, mixed mode, tiered, compressed oops, compressed class ptrs, g1 gc, windows-amd64)
GC Precious Log:
 CardTable entry size: 512
 Card Set container configuration: InlinePtr #cards 5 size 8 Array Of Cards #cards 12 size 40 Howl #buckets 4 coarsen threshold 1843 Howl Bitmap #cards 512 size 80 coarsen threshold 460 Card regions per heap region 1 cards per card region 2048
 CPUs: 4 total, 4 available
 Memory: 8058M
 Large Page Support: Disabled
 NUMA Support: Disabled
 Compressed Oops: Enabled (32-bit)
 Heap Region Size: 1M
 Heap Min Capacity: 8M
 Heap Initial Capacity: 126M
 Heap Max Capacity: 2G
 Pre-touch: Disabled
 Parallel Workers: 4
 Concurrent Workers: 1
 Concurrent Refinement Workers: 4
 Periodic GC: Disabled
Heap:
 garbage-first heap   total 343040K, used 222154K [0x0000000080000000, 0x0000000100000000)
  region size 1024K, 2 young (2048K), 2 survivors (2048K)
 Metaspace       used 137555K, committed 139840K, reserved 1179648K
  class space    used 18424K, committed 19584K, reserved 1048576K
GC Heap History (20 events):
Event: 43.357 GC heap after
{Heap after GC invocations=63 (full 0):
 garbage-first heap   total 217088K, used 119273K [0x0000000080000000, 0x0000000100000000)
  region size 1024K, 7 young (7168K), 7 survivors (7168K)
 Metaspace       used 122737K, committed 124992K, reserved 1179648K
  class space    used 16379K, committed 17536K, reserved 1048576K
}
Event: 43.844 GC heap before
{Heap before GC invocations=63 (full 0):
 garbage-first heap   total 217088K, used 196073K [0x0000000080000000, 0x0000000100000000)
  region size 1024K, 83 young (84992K), 7 survivors (7168K)
 Metaspace       used 124459K, committed 126656K, reserved 1179648K
  class space    used 16604K, committed 17728K, reserved 1048576K
}
Event: 43.853 GC heap after
{Heap after GC invocations=64 (full 0):
 garbage-first heap   total 220160K, used 134163K [0x0000000080000000, 0x0000000100000000)
  region size 1024K, 11 young (11264K), 11 survivors (11264K)
 Metaspace       used 124459K, committed 126656K, reserved 1179648K
  class space    used 16604K, committed 17728K, reserved 1048576K
}
Event: 44.691 GC heap before
{Heap before GC invocations=65 (full 0):
 garbage-first heap   total 225280K, used 195603K [0x0000000080000000, 0x0000000100000000)
  region size 1024K, 72 young (73728K), 11 survivors (11264K)
 Metaspace       used 127610K, committed 129856K, reserved 1179648K
  class space    used 17049K, committed 18176K, reserved 1048576K
}
Event: 44.708 GC heap after
{Heap after GC invocations=66 (full 0):
 garbage-first heap   total 225280K, used 143282K [0x0000000080000000, 0x0000000100000000)
  region size 1024K, 8 young (8192K), 8 survivors (8192K)
 Metaspace       used 127610K, committed 129856K, reserved 1179648K
  class space    used 17049K, committed 18176K, reserved 1048576K
}
Event: 45.058 GC heap before
{Heap before GC invocations=66 (full 0):
 garbage-first heap   total 225280K, used 205746K [0x0000000080000000, 0x0000000100000000)
  region size 1024K, 69 young (70656K), 8 survivors (8192K)
 Metaspace       used 128903K, committed 131136K, reserved 1179648K
  class space    used 17247K, committed 18368K, reserved 1048576K
}
Event: 45.083 GC heap after
{Heap after GC invocations=67 (full 0):
 garbage-first heap   total 225280K, used 149978K [0x0000000080000000, 0x0000000100000000)
  region size 1024K, 9 young (9216K), 9 survivors (9216K)
 Metaspace       used 128903K, committed 131136K, reserved 1179648K
  class space    used 17247K, committed 18368K, reserved 1048576K
}
Event: 45.444 GC heap before
{Heap before GC invocations=67 (full 0):
 garbage-first heap   total 225280K, used 203226K [0x0000000080000000, 0x0000000100000000)
  region size 1024K, 62 young (63488K), 9 survivors (9216K)
 Metaspace       used 129923K, committed 132160K, reserved 1179648K
  class space    used 17386K, committed 18496K, reserved 1048576K
}
Event: 45.476 GC heap after
{Heap after GC invocations=68 (full 0):
 garbage-first heap   total 299008K, used 159682K [0x0000000080000000, 0x0000000100000000)
  region size 1024K, 8 young (8192K), 8 survivors (8192K)
 Metaspace       used 129923K, committed 132160K, reserved 1179648K
  class space    used 17386K, committed 18496K, reserved 1048576K
}
Event: 47.068 GC heap before
{Heap before GC invocations=69 (full 0):
 garbage-first heap   total 299008K, used 261058K [0x0000000080000000, 0x0000000100000000)
  region size 1024K, 108 young (110592K), 8 survivors (8192K)
 Metaspace       used 131792K, committed 134016K, reserved 1179648K
  class space    used 17643K, committed 18752K, reserved 1048576K
}
Event: 47.116 GC heap after
{Heap after GC invocations=70 (full 0):
 garbage-first heap   total 299008K, used 178688K [0x0000000080000000, 0x0000000100000000)
  region size 1024K, 14 young (14336K), 14 survivors (14336K)
 Metaspace       used 131792K, committed 134016K, reserved 1179648K
  class space    used 17643K, committed 18752K, reserved 1048576K
}
Event: 47.697 GC heap before
{Heap before GC invocations=70 (full 0):
 garbage-first heap   total 299008K, used 262656K [0x0000000080000000, 0x0000000100000000)
  region size 1024K, 97 young (99328K), 14 survivors (14336K)
 Metaspace       used 132643K, committed 134912K, reserved 1179648K
  class space    used 17772K, committed 18880K, reserved 1048576K
}
Event: 47.736 GC heap after
{Heap after GC invocations=71 (full 0):
 garbage-first heap   total 299008K, used 193024K [0x0000000080000000, 0x0000000100000000)
  region size 1024K, 13 young (13312K), 13 survivors (13312K)
 Metaspace       used 132643K, committed 134912K, reserved 1179648K
  class space    used 17772K, committed 18880K, reserved 1048576K
}
Event: 48.251 GC heap before
{Heap before GC invocations=71 (full 0):
 garbage-first heap   total 299008K, used 267776K [0x0000000080000000, 0x0000000100000000)
  region size 1024K, 86 young (88064K), 13 survivors (13312K)
 Metaspace       used 135521K, committed 137728K, reserved 1179648K
  class space    used 18220K, committed 19328K, reserved 1048576K
}
Event: 48.282 GC heap after
{Heap after GC invocations=72 (full 0):
 garbage-first heap   total 299008K, used 205312K [0x0000000080000000, 0x0000000100000000)
  region size 1024K, 11 young (11264K), 11 survivors (11264K)
 Metaspace       used 135521K, committed 137728K, reserved 1179648K
  class space    used 18220K, committed 19328K, reserved 1048576K
}
Event: 49.555 GC heap before
{Heap before GC invocations=73 (full 0):
 garbage-first heap   total 343040K, used 268800K [0x0000000080000000, 0x0000000100000000)
  region size 1024K, 73 young (74752K), 11 survivors (11264K)
 Metaspace       used 136592K, committed 138880K, reserved 1179648K
  class space    used 18346K, committed 19456K, reserved 1048576K
}
Event: 49.580 GC heap after
{Heap after GC invocations=74 (full 0):
 garbage-first heap   total 343040K, used 214016K [0x0000000080000000, 0x0000000100000000)
  region size 1024K, 8 young (8192K), 8 survivors (8192K)
 Metaspace       used 136592K, committed 138880K, reserved 1179648K
  class space    used 18346K, committed 19456K, reserved 1048576K
}
Event: 50.173 GC heap before
{Heap before GC invocations=74 (full 0):
 garbage-first heap   total 343040K, used 306176K [0x0000000080000000, 0x0000000100000000)
  region size 1024K, 99 young (101376K), 8 survivors (8192K)
 Metaspace       used 136999K, committed 139264K, reserved 1179648K
  class space    used 18376K, committed 19520K, reserved 1048576K
}
Event: 50.195 GC heap after
{Heap after GC invocations=75 (full 0):
 garbage-first heap   total 343040K, used 219942K [0x0000000080000000, 0x0000000100000000)
  region size 1024K, 9 young (9216K), 9 survivors (9216K)
 Metaspace       used 136999K, committed 139264K, reserved 1179648K
  class space    used 18376K, committed 19520K, reserved 1048576K
}
Event: 50.893 GC heap before
{Heap before GC invocations=75 (full 0):
 garbage-first heap   total 343040K, used 311078K [0x0000000080000000, 0x0000000100000000)
  region size 1024K, 98 young (100352K), 9 survivors (9216K)
 Metaspace       used 137555K, committed 139840K, reserved 1179648K
  class space    used 18424K, committed 19584K, reserved 1048576K
}

